<?xml version="1.0" encoding="UTF-8"?>
<!-- Generated by org.testng.reporters.JUnitReportReporter -->
<testsuite hostname="Kartik-DESKTOP-PJLA86T" failures="0" tests="1" name="com.browserTests.LaunchChrome" time="4.845" errors="0" timestamp="2025-09-23T12:35:56 IST" skipped="0">
  <testcase classname="com.browserTests.LaunchChrome" name="rahulShettyAngular" time="4.845"/>
</testsuite> <!-- com.browserTests.LaunchChrome -->
