<?xml version="1.0" encoding="UTF-8"?>
<!-- Generated by org.testng.reporters.JUnitReportReporter -->
<testsuite hostname="Kartik-DESKTOP-PJLA86T" failures="0" tests="1" name="com.generalStore.LongPressTermsAndConditions" time="38.921" errors="0" timestamp="2025-09-16T13:45:30 IST" skipped="0">
  <testcase classname="com.generalStore.LongPressTermsAndConditions" name="addProductToCart" time="38.921"/>
</testsuite> <!-- com.generalStore.LongPressTermsAndConditions -->
