<?xml version="1.0" encoding="UTF-8"?>
<!-- Generated by org.testng.reporters.JUnitReportReporter -->
<testsuite hostname="Kartik-DESKTOP-PJLA86T" failures="0" tests="1" name="com.generalStore.ToastMessage" time="6.327" errors="0" timestamp="2025-09-05T12:45:48 IST" skipped="0">
  <testcase classname="com.generalStore.ToastMessage" name="validateToastMessage" time="6.327"/>
</testsuite> <!-- com.generalStore.ToastMessage -->
