<?xml version="1.0" encoding="UTF-8"?>
<!-- Generated by org.testng.reporters.JUnitReportReporter -->
<testsuite hostname="Kartik-DESKTOP-PJLA86T" failures="0" tests="2" name="com.generalStore.AddToCart" time="24.900" errors="1" timestamp="2025-09-09T19:13:46 IST" skipped="1">
  <testcase classname="com.generalStore.AddToCart" name="configuration" time="24.899">
    <error message="Could not start a new session. Response code 500. Message: Could not find a connected Android device in 20000ms 
Host info: host: &#039;KARTIK-DESKTOP-&#039;, ip: &#039;192.168.1.240&#039;
Build info: version: &#039;4.13.0&#039;, revision: &#039;ba948ece5b*&#039;
System info: os.name: &#039;Windows 11&#039;, os.arch: &#039;amd64&#039;, os.version: &#039;10.0&#039;, java.version: &#039;21.0.8&#039;
Driver info: io.appium.java_client.android.AndroidDriver
Command: [null, newSession {capabilities=[{appium:deviceName=Pixel 9 Pro, platformName=ANDROID, appium:automationName=UIAutomator2, appium:app=C:\Users\Kartik\eclipse-workspace\Appium_GeneralStore\src\test\resources\General-Store.apk}], desiredCapabilities=Capabilities {appium:app: C:\Users\Kartik\eclipse-wor..., appium:automationName: UIAutomator2, appium:deviceName: Pixel 9 Pro, platformName: ANDROID}}]
Capabilities {appium:app: C:\Users\Kartik\eclipse-wor..., appium:automationName: UIAutomator2, appium:deviceName: Pixel 9 Pro, platformName: ANDROID}" type="org.openqa.selenium.SessionNotCreatedException">
      <![CDATA[org.openqa.selenium.SessionNotCreatedException: Could not start a new session. Response code 500. Message: Could not find a connected Android device in 20000ms 
Host info: host: 'KARTIK-DESKTOP-', ip: '192.168.1.240'
Build info: version: '4.13.0', revision: 'ba948ece5b*'
System info: os.name: 'Windows 11', os.arch: 'amd64', os.version: '10.0', java.version: '21.0.8'
Driver info: io.appium.java_client.android.AndroidDriver
Command: [null, newSession {capabilities=[{appium:deviceName=Pixel 9 Pro, platformName=ANDROID, appium:automationName=UIAutomator2, appium:app=C:\Users\Kartik\eclipse-workspace\Appium_GeneralStore\src\test\resources\General-Store.apk}], desiredCapabilities=Capabilities {appium:app: C:\Users\Kartik\eclipse-wor..., appium:automationName: UIAutomator2, appium:deviceName: Pixel 9 Pro, platformName: ANDROID}}]
Capabilities {appium:app: C:\Users\Kartik\eclipse-wor..., appium:automationName: UIAutomator2, appium:deviceName: Pixel 9 Pro, platformName: ANDROID}
at org.openqa.selenium.remote.ProtocolHandshake.createSession(ProtocolHandshake.java:140)
at java.base/jdk.internal.reflect.DirectMethodHandleAccessor.invoke(DirectMethodHandleAccessor.java:103)
at java.base/java.lang.reflect.Method.invoke(Method.java:580)
at io.appium.java_client.remote.AppiumProtocolHandshake.createSession(AppiumProtocolHandshake.java:133)
at io.appium.java_client.remote.AppiumProtocolHandshake.createSession(AppiumProtocolHandshake.java:102)
at io.appium.java_client.remote.AppiumCommandExecutor.createSession(AppiumCommandExecutor.java:182)
at io.appium.java_client.remote.AppiumCommandExecutor.execute(AppiumCommandExecutor.java:250)
at org.openqa.selenium.remote.RemoteWebDriver.execute(RemoteWebDriver.java:602)
at io.appium.java_client.AppiumDriver.startSession(AppiumDriver.java:274)
at org.openqa.selenium.remote.RemoteWebDriver.<init>(RemoteWebDriver.java:163)
at io.appium.java_client.AppiumDriver.<init>(AppiumDriver.java:89)
at io.appium.java_client.AppiumDriver.<init>(AppiumDriver.java:101)
at io.appium.java_client.android.AndroidDriver.<init>(AndroidDriver.java:113)
at com.genericLibraries.BaseClass.configuration(BaseClass.java:41)
at java.base/jdk.internal.reflect.DirectMethodHandleAccessor.invoke(DirectMethodHandleAccessor.java:103)
at java.base/java.lang.reflect.Method.invoke(Method.java:580)
at org.testng.internal.invokers.MethodInvocationHelper.invokeMethod(MethodInvocationHelper.java:141)
at org.testng.internal.invokers.MethodInvocationHelper.invokeMethodConsideringTimeout(MethodInvocationHelper.java:71)
at org.testng.internal.invokers.ConfigInvoker.invokeConfigurationMethod(ConfigInvoker.java:400)
at org.testng.internal.invokers.ConfigInvoker.invokeConfigurations(ConfigInvoker.java:333)
at org.testng.TestRunner.invokeTestConfigurations(TestRunner.java:657)
at org.testng.TestRunner.beforeRun(TestRunner.java:646)
at org.testng.TestRunner.run(TestRunner.java:612)
at org.testng.SuiteRunner.runTest(SuiteRunner.java:421)
at org.testng.SuiteRunner.runSequentially(SuiteRunner.java:413)
at org.testng.SuiteRunner.privateRun(SuiteRunner.java:373)
at org.testng.SuiteRunner.run(SuiteRunner.java:312)
at org.testng.SuiteRunnerWorker.runSuite(SuiteRunnerWorker.java:52)
at org.testng.SuiteRunnerWorker.run(SuiteRunnerWorker.java:95)
at org.testng.TestNG.runSuitesSequentially(TestNG.java:1274)
at org.testng.TestNG.runSuitesLocally(TestNG.java:1208)
at org.testng.TestNG.runSuites(TestNG.java:1112)
at org.testng.TestNG.run(TestNG.java:1079)
at org.testng.remote.AbstractRemoteTestNG.run(AbstractRemoteTestNG.java:115)
at org.testng.remote.RemoteTestNG.initAndRun(RemoteTestNG.java:293)
at org.testng.remote.RemoteTestNG.main(RemoteTestNG.java:91)
]]>
    </error>
  </testcase> <!-- configuration -->
  <testcase classname="com.generalStore.AddToCart" name="addProductToCart" time="0.001">
    <skipped/>
  </testcase> <!-- addProductToCart -->
</testsuite> <!-- com.generalStore.AddToCart -->
