<?xml version="1.0" encoding="UTF-8"?>
<!-- Generated by org.testng.reporters.JUnitReportReporter -->
<testsuite hostname="Kartik-DESKTOP-PJLA86T" failures="0" tests="1" name="com.generalStore.PurchaseProduct" time="44.606" errors="0" timestamp="2025-09-16T15:48:54 IST" skipped="0">
  <testcase classname="com.generalStore.PurchaseProduct" name="addProductToCart" time="44.606"/>
</testsuite> <!-- com.generalStore.PurchaseProduct -->
