<?xml version="1.0" encoding="UTF-8"?>
<!-- Generated by org.testng.reporters.JUnitReportReporter -->
<testsuite hostname="Kartik-DESKTOP-PJLA86T" failures="0" tests="1" name="com.generalStore.Add2ProductsToCart" time="46.940" errors="0" timestamp="2025-09-16T13:14:18 IST" skipped="0">
  <testcase classname="com.generalStore.Add2ProductsToCart" name="addProductToCart" time="46.940"/>
</testsuite> <!-- com.generalStore.Add2ProductsToCart -->
