<?xml version="1.0" encoding="UTF-8"?>
<!-- Generated by org.testng.reporters.JUnitReportReporter -->
<testsuite hostname="Kartik-DESKTOP-PJLA86T" failures="0" tests="1" name="com.generalStore.FillFormDetails" time="21.169" errors="0" timestamp="2025-09-04T13:17:22 IST" skipped="0">
  <testcase classname="com.generalStore.FillFormDetails" name="formData" time="21.169"/>
</testsuite> <!-- com.generalStore.FillFormDetails -->
